Desktop is 1366 x 768 @ 60 Hz
New context 0x300e490 created with attributes:
Initialize engine version: 2017.4.40f1 (6e14067f8a9a)
GfxDevice: creating device client; threaded=1
Renderer: Mesa Intel(R) UHD Graphics 605 (GLK 3)
Vendor:   Intel
Version:  4.6 (Core Profile) Mesa 22.3.3
GLES:     0
 GL_3DFX_texture_compression_FXT1 GL_AMD_conservative_depth GL_AMD_depth_clamp_separate GL_AMD_draw_buffers_blend GL_AMD_gpu_shader_int64 GL_AMD_multi_draw_indirect GL_AMD_performance_monitor GL_AMD_query_buffer_object GL_AMD_seamless_cubemap_per_texture GL_AMD_shader_stencil_export GL_AMD_shader_trinary_minmax GL_AMD_texture_texture4 GL_AMD_vertex_shader_layer GL_AMD_vertex_shader_viewport_index GL_ANGLE_texture_compression_dxt3 GL_ANGLE_texture_compression_dxt5 GL_ARB_ES2_compatibility GL_ARB_ES3_1_compatibility GL_ARB_ES3_2_compatibility GL_ARB_ES3_compatibility GL_ARB_arrays_of_arrays GL_ARB_base_instance GL_ARB_blend_func_extended GL_ARB_buffer_storage GL_ARB_clear_buffer_object GL_ARB_clear_texture GL_ARB_clip_control GL_ARB_compressed_texture_pixel_storage GL_ARB_compute_shader GL_ARB_compute_variable_group_size GL_ARB_conditional_render_inverted GL_ARB_conservative_depth GL_ARB_copy_buffer GL_ARB_copy_image GL_ARB_cull_distance GL_ARB_debug_output GL_ARB_depth_buffer_float GL_ARB_depth_clamp GL_ARB_d
erivative_control GL_ARB_direct_state_access GL_ARB_draw_buffers GL_ARB_draw_buffers_blend GL_ARB_draw_elements_base_vertex GL_ARB_draw_indirect GL_ARB_draw_instanced GL_ARB_enhanced_layouts GL_ARB_explicit_attrib_location GL_ARB_explicit_uniform_location GL_ARB_fragment_coord_conventions GL_ARB_fragment_layer_viewport GL_ARB_fragment_shader GL_ARB_fragment_shader_interlock GL_ARB_framebuffer_no_attachments GL_ARB_framebuffer_object GL_ARB_framebuffer_sRGB GL_ARB_get_program_binary GL_ARB_get_texture_sub_image GL_ARB_gl_spirv GL_ARB_gpu_shader5 GL_ARB_gpu_shader_fp64 GL_ARB_gpu_shader_int64 GL_ARB_half_float_pixel GL_ARB_half_float_vertex GL_ARB_indirect_parameters GL_ARB_instanced_arrays GL_ARB_internalformat_query GL_ARB_internalformat_query2 GL_ARB_invalidate_subdata GL_ARB_map_buffer_alignment GL_ARB_map_buffer_range GL_ARB_multi_bind GL_ARB_multi_draw_indirect GL_ARB_occlusion_query2 GL_ARB_parallel_shader_compile GL_ARB_pipeline_statistics_query GL_ARB_pixel_buffer_object GL_ARB_point_sprite GL_ARB_pol
ygon_offset_clamp GL_ARB_post_depth_coverage GL_ARB_program_interface_query GL_ARB_provoking_vertex GL_ARB_query_buffer_object GL_ARB_robust_buffer_access_behavior GL_ARB_robustness GL_ARB_sample_shading GL_ARB_sampler_objects GL_ARB_seamless_cube_map GL_ARB_seamless_cubemap_per_texture GL_ARB_separate_shader_objects GL_ARB_shader_atomic_counter_ops GL_ARB_shader_atomic_counters GL_ARB_shader_ballot GL_ARB_shader_bit_encoding GL_ARB_shader_clock GL_ARB_shader_draw_parameters GL_ARB_shader_group_vote GL_ARB_shader_image_load_store GL_ARB_shader_image_size GL_ARB_shader_objects GL_ARB_shader_precision GL_ARB_shader_stencil_export GL_ARB_shader_storage_buffer_object GL_ARB_shader_subroutine GL_ARB_shader_texture_image_samples GL_ARB_shader_texture_lod GL_ARB_shader_viewport_layer_array GL_ARB_shading_language_420pack GL_ARB_shading_language_include GL_ARB_shading_language_packing GL_ARB_spirv_extensions GL_ARB_stencil_texturing GL_ARB_sync GL_ARB_tessellation_shader GL_ARB_texture_barrier GL_ARB_texture_buffer_
object GL_ARB_texture_buffer_object_rgb32 GL_ARB_texture_buffer_range GL_ARB_texture_compression_bptc GL_ARB_texture_compression_rgtc GL_ARB_texture_cube_map_array GL_ARB_texture_filter_anisotropic GL_ARB_texture_float GL_ARB_texture_gather GL_ARB_texture_mirror_clamp_to_edge GL_ARB_texture_multisample GL_ARB_texture_non_power_of_two GL_ARB_texture_query_levels GL_ARB_texture_query_lod GL_ARB_texture_rectangle GL_ARB_texture_rg GL_ARB_texture_rgb10_a2ui GL_ARB_texture_stencil8 GL_ARB_texture_storage GL_ARB_texture_storage_multisample GL_ARB_texture_swizzle GL_ARB_texture_view GL_ARB_timer_query GL_ARB_transform_feedback2 GL_ARB_transform_feedback3 GL_ARB_transform_feedback_instanced GL_ARB_transform_feedback_overflow_query GL_ARB_uniform_buffer_object GL_ARB_vertex_array_bgra GL_ARB_vertex_array_object GL_ARB_vertex_attrib_64bit GL_ARB_vertex_attrib_binding GL_ARB_vertex_buffer_object GL_ARB_vertex_shader GL_ARB_vertex_type_10f_11f_11f_rev GL_ARB_vertex_type_2_10_10_10_rev GL_ARB_viewport_array GL_ATI_blend_
equation_separate GL_ATI_texture_float GL_EXT_EGL_image_storage GL_EXT_EGL_sync GL_EXT_abgr GL_EXT_blend_equation_separate GL_EXT_debug_label GL_EXT_demote_to_helper_invocation GL_EXT_draw_buffers2 GL_EXT_draw_instanced GL_EXT_framebuffer_blit GL_EXT_framebuffer_multisample GL_EXT_framebuffer_multisample_blit_scaled GL_EXT_framebuffer_object GL_EXT_framebuffer_sRGB GL_EXT_memory_object GL_EXT_memory_object_fd GL_EXT_packed_depth_stencil GL_EXT_packed_float GL_EXT_pixel_buffer_object GL_EXT_polygon_offset_clamp GL_EXT_provoking_vertex GL_EXT_semaphore GL_EXT_semaphore_fd GL_EXT_shader_framebuffer_fetch GL_EXT_shader_framebuffer_fetch_non_coherent GL_EXT_shader_integer_mix GL_EXT_shader_samples_identical GL_EXT_texture_array GL_EXT_texture_compression_dxt1 GL_EXT_texture_compression_rgtc GL_EXT_texture_compression_s3tc GL_EXT_texture_filter_anisotropic GL_EXT_texture_integer GL_EXT_texture_sRGB GL_EXT_texture_sRGB_R8 GL_EXT_texture_sRGB_decode GL_EXT_texture_shadow_lod GL_EXT_texture_shared_exponent GL_EXT_tex
ture_snorm GL_EXT_texture_swizzle GL_EXT_timer_query GL_EXT_transform_feedback GL_EXT_vertex_array_bgra GL_EXT_vertex_attrib_64bit GL_IBM_multimode_draw_arrays GL_INTEL_blackhole_render GL_INTEL_conservative_rasterization GL_INTEL_performance_query GL_INTEL_shader_atomic_float_minmax GL_INTEL_shader_integer_functions2 GL_KHR_blend_equation_advanced GL_KHR_blend_equation_advanced_coherent GL_KHR_context_flush_control GL_KHR_debug GL_KHR_no_error GL_KHR_parallel_shader_compile GL_KHR_robust_buffer_access_behavior GL_KHR_robustness GL_KHR_texture_compression_astc_ldr GL_KHR_texture_compression_astc_sliced_3d GL_MESA_framebuffer_flip_y GL_MESA_pack_invert GL_MESA_shader_integer_functions GL_MESA_texture_signed_rgba GL_NV_compute_shader_derivatives GL_NV_conditional_render GL_NV_copy_image GL_NV_depth_clamp GL_NV_fragment_shader_interlock GL_NV_packed_depth_stencil GL_NV_texture_barrier GL_OES_EGL_image GL_S3_s3tc
OPENGL LOG: Creating OpenGL 4.6 graphics device ; Context level  <OpenGL 4.5> ; Context handle 50390160
Begin MonoManager ReloadAssembly
- Completed reload, in  0.085 seconds
New context 0x403d2c0 created with attributes:
Default vsync count 1
requesting resize -1 x -1
Using native desktop resolution 1366 x 768
requesting fullscreen 1366 x 768 at 0 Hz
Desktop is 1366 x 768 @ 60 Hz
UnloadTime: 2.467000 ms
Desktop is 1366 x 768 @ 60 Hz
Unloading 5 Unused Serialized files (Serialized files now loaded: 0)
UnloadTime: 2.069000 ms
[Steamworks.NET] SteamAPI_Init() failed. Refer to Valve's documentation or the comment above this line for more information.
 
(Filename: /home/builduser/buildslave/unity/build/artifacts/generated/common/runtime/DebugBindings.gen.cpp Line: 51)

Fallback handler could not load library /home/cryptic/GOG Games/Blasphemous/Blasphemous_Data/Mono/x86_64/data-0x5257a70.so
Fallback handler could not load library /home/cryptic/GOG Games/Blasphemous/Blasphemous_Data/Mono/x86_64/data-0x5235c90.so
Fallback handler could not load library /home/cryptic/GOG Games/Blasphemous/Blasphemous_Data/Mono/x86_64/data-0x526a030.so
Fallback handler could not load library /home/cryptic/GOG Games/Blasphemous/Blasphemous_Data/Mono/x86_64/libudev.so
Fallback handler could not load library /home/cryptic/GOG Games/Blasphemous/Blasphemous_Data/Mono/x86_64/./libudev.so
Fallback handler could not load library /home/cryptic/GOG Games/Blasphemous/Blasphemous_Data/Mono/x86_64/libudev.so
Fallback handler could not load library /home/cryptic/GOG Games/Blasphemous/Blasphemous_Data/Mono/x86_64/libudev.so.0
Fallback handler could not load library /home/cryptic/GOG Games/Blasphemous/Blasphemous_Data/Mono/x86_64/libudev.so.0.so
Fallback handler could not load library /home/cryptic/GOG Games/Blasphemous/Blasphemous_Data/Mono/x86_64/./libudev.so.0
Fallback handler could not load library /home/cryptic/GOG Games/Blasphemous/Blasphemous_Data/Mono/x86_64/./libudev.so.0.so
Fallback handler could not load library /home/cryptic/GOG Games/Blasphemous/Blasphemous_Data/Mono/x86_64/libudev.so.0
Fallback handler could not load library /home/cryptic/GOG Games/Blasphemous/Blasphemous_Data/Mono/x86_64/libudev.so
Fallback handler could not load library /home/cryptic/GOG Games/Blasphemous/Blasphemous_Data/Mono/x86_64/./libudev.so
Fallback handler could not load library /home/cryptic/GOG Games/Blasphemous/Blasphemous_Data/Mono/x86_64/libudev.so
Fallback handler could not load library /home/cryptic/GOG Games/Blasphemous/Blasphemous_Data/Mono/x86_64/libudev.so.0
Fallback handler could not load library /home/cryptic/GOG Games/Blasphemous/Blasphemous_Data/Mono/x86_64/libudev.so.0.so
Fallback handler could not load library /home/cryptic/GOG Games/Blasphemous/Blasphemous_Data/Mono/x86_64/./libudev.so.0
Fallback handler could not load library /home/cryptic/GOG Games/Blasphemous/Blasphemous_Data/Mono/x86_64/./libudev.so.0.so
Fallback handler could not load library /home/cryptic/GOG Games/Blasphemous/Blasphemous_Data/Mono/x86_64/libudev.so.0
Fallback handler could not load library /home/cryptic/GOG Games/Blasphemous/Blasphemous_Data/Mono/x86_64/libudev.so
Fallback handler could not load library /home/cryptic/GOG Games/Blasphemous/Blasphemous_Data/Mono/x86_64/./libudev.so
Fallback handler could not load library /home/cryptic/GOG Games/Blasphemous/Blasphemous_Data/Mono/x86_64/libudev.so
Fallback handler could not load library /home/cryptic/GOG Games/Blasphemous/Blasphemous_Data/Mono/x86_64/libudev.so
Fallback handler could not load library /home/cryptic/GOG Games/Blasphemous/Blasphemous_Data/Mono/x86_64/./libudev.so
Fallback handler could not load library /home/cryptic/GOG Games/Blasphemous/Blasphemous_Data/Mono/x86_64/libudev.so
Fallback handler could not load library /home/cryptic/GOG Games/Blasphemous/Blasphemous_Data/Mono/x86_64/libudev.so.0
Fallback handler could not load library /home/cryptic/GOG Games/Blasphemous/Blasphemous_Data/Mono/x86_64/libudev.so.0.so
Fallback handler could not load library /home/cryptic/GOG Games/Blasphemous/Blasphemous_Data/Mono/x86_64/./libudev.so.0
Fallback handler could not load library /home/cryptic/GOG Games/Blasphemous/Blasphemous_Data/Mono/x86_64/./libudev.so.0.so
Fallback handler could not load library /home/cryptic/GOG Games/Blasphemous/Blasphemous_Data/Mono/x86_64/libudev.so.0
Fallback handler could not load library /home/cryptic/GOG Games/Blasphemous/Blasphemous_Data/Mono/x86_64/libudev.so
Fallback handler could not load library /home/cryptic/GOG Games/Blasphemous/Blasphemous_Data/Mono/x86_64/./libudev.so
Fallback handler could not load library /home/cryptic/GOG Games/Blasphemous/Blasphemous_Data/Mono/x86_64/libudev.so
Fallback handler could not load library /home/cryptic/GOG Games/Blasphemous/Blasphemous_Data/Mono/x86_64/libudev.so.0
Fallback handler could not load library /home/cryptic/GOG Games/Blasphemous/Blasphemous_Data/Mono/x86_64/libudev.so.0.so
Fallback handler could not load library /home/cryptic/GOG Games/Blasphemous/Blasphemous_Data/Mono/x86_64/./libudev.so.0
Fallback handler could not load library /home/cryptic/GOG Games/Blasphemous/Blasphemous_Data/Mono/x86_64/./libudev.so.0.so
Fallback handler could not load library /home/cryptic/GOG Games/Blasphemous/Blasphemous_Data/Mono/x86_64/libudev.so.0
Fallback handler could not load library /home/cryptic/GOG Games/Blasphemous/Blasphemous_Data/Mono/x86_64/libudev.so
Fallback handler could not load library /home/cryptic/GOG Games/Blasphemous/Blasphemous_Data/Mono/x86_64/./libudev.so
Fallback handler could not load library /home/cryptic/GOG Games/Blasphemous/Blasphemous_Data/Mono/x86_64/libudev.so
Fallback handler could not load library /home/cryptic/GOG Games/Blasphemous/Blasphemous_Data/Mono/x86_64/libudev.so.0
Fallback handler could not load library /home/cryptic/GOG Games/Blasphemous/Blasphemous_Data/Mono/x86_64/libudev.so.0.so
Fallback handler could not load library /home/cryptic/GOG Games/Blasphemous/Blasphemous_Data/Mono/x86_64/./libudev.so.0
Fallback handler could not load library /home/cryptic/GOG Games/Blasphemous/Blasphemous_Data/Mono/x86_64/./libudev.so.0.so
Fallback handler could not load library /home/cryptic/GOG Games/Blasphemous/Blasphemous_Data/Mono/x86_64/libudev.so.0
Fallback handler could not load library /home/cryptic/GOG Games/Blasphemous/Blasphemous_Data/Mono/x86_64/libudev.so
Fallback handler could not load library /home/cryptic/GOG Games/Blasphemous/Blasphemous_Data/Mono/x86_64/./libudev.so
Fallback handler could not load library /home/cryptic/GOG Games/Blasphemous/Blasphemous_Data/Mono/x86_64/libudev.so
Fallback handler could not load library /home/cryptic/GOG Games/Blasphemous/Blasphemous_Data/Mono/x86_64/libudev.so.0
Fallback handler could not load library /home/cryptic/GOG Games/Blasphemous/Blasphemous_Data/Mono/x86_64/libudev.so.0.so
Fallback handler could not load library /home/cryptic/GOG Games/Blasphemous/Blasphemous_Data/Mono/x86_64/./libudev.so.0
Fallback handler could not load library /home/cryptic/GOG Games/Blasphemous/Blasphemous_Data/Mono/x86_64/./libudev.so.0.so
Fallback handler could not load library /home/cryptic/GOG Games/Blasphemous/Blasphemous_Data/Mono/x86_64/libudev.so.0
Fallback handler could not load library /home/cryptic/GOG Games/Blasphemous/Blasphemous_Data/Mono/x86_64/libudev.so
Fallback handler could not load library /home/cryptic/GOG Games/Blasphemous/Blasphemous_Data/Mono/x86_64/./libudev.so
Fallback handler could not load library /home/cryptic/GOG Games/Blasphemous/Blasphemous_Data/Mono/x86_64/libudev.so
Fallback handler could not load library /home/cryptic/GOG Games/Blasphemous/Blasphemous_Data/Mono/x86_64/libudev.so.0
Fallback handler could not load library /home/cryptic/GOG Games/Blasphemous/Blasphemous_Data/Mono/x86_64/libudev.so.0.so
Fallback handler could not load library /home/cryptic/GOG Games/Blasphemous/Blasphemous_Data/Mono/x86_64/./libudev.so.0
Fallback handler could not load library /home/cryptic/GOG Games/Blasphemous/Blasphemous_Data/Mono/x86_64/./libudev.so.0.so
Fallback handler could not load library /home/cryptic/GOG Games/Blasphemous/Blasphemous_Data/Mono/x86_64/libudev.so.0
Fallback handler could not load library /home/cryptic/GOG Games/Blasphemous/Blasphemous_Data/Mono/x86_64/libudev.so
Fallback handler could not load library /home/cryptic/GOG Games/Blasphemous/Blasphemous_Data/Mono/x86_64/./libudev.so
Fallback handler could not load library /home/cryptic/GOG Games/Blasphemous/Blasphemous_Data/Mono/x86_64/libudev.so
Fallback handler could not load library /home/cryptic/GOG Games/Blasphemous/Blasphemous_Data/Mono/x86_64/libudev.so.0
Fallback handler could not load library /home/cryptic/GOG Games/Blasphemous/Blasphemous_Data/Mono/x86_64/libudev.so.0.so
Fallback handler could not load library /home/cryptic/GOG Games/Blasphemous/Blasphemous_Data/Mono/x86_64/./libudev.so.0
Fallback handler could not load library /home/cryptic/GOG Games/Blasphemous/Blasphemous_Data/Mono/x86_64/./libudev.so.0.so
Fallback handler could not load library /home/cryptic/GOG Games/Blasphemous/Blasphemous_Data/Mono/x86_64/libudev.so.0
Fallback handler could not load library /home/cryptic/GOG Games/Blasphemous/Blasphemous_Data/Mono/x86_64/libudev.so
Fallback handler could not load library /home/cryptic/GOG Games/Blasphemous/Blasphemous_Data/Mono/x86_64/./libudev.so
Fallback handler could not load library /home/cryptic/GOG Games/Blasphemous/Blasphemous_Data/Mono/x86_64/libudev.so
Fallback handler could not load library /home/cryptic/GOG Games/Blasphemous/Blasphemous_Data/Mono/x86_64/libudev.so.0
Fallback handler could not load library /home/cryptic/GOG Games/Blasphemous/Blasphemous_Data/Mono/x86_64/libudev.so.0.so
Fallback handler could not load library /home/cryptic/GOG Games/Blasphemous/Blasphemous_Data/Mono/x86_64/./libudev.so.0
Fallback handler could not load library /home/cryptic/GOG Games/Blasphemous/Blasphemous_Data/Mono/x86_64/./libudev.so.0.so
Fallback handler could not load library /home/cryptic/GOG Games/Blasphemous/Blasphemous_Data/Mono/x86_64/libudev.so.0
Fallback handler could not load library /home/cryptic/GOG Games/Blasphemous/Blasphemous_Data/Mono/x86_64/libudev.so
Fallback handler could not load library /home/cryptic/GOG Games/Blasphemous/Blasphemous_Data/Mono/x86_64/./libudev.so
Fallback handler could not load library /home/cryptic/GOG Games/Blasphemous/Blasphemous_Data/Mono/x86_64/libudev.so
Fallback handler could not load library /home/cryptic/GOG Games/Blasphemous/Blasphemous_Data/Mono/x86_64/libudev.so.0
Fallback handler could not load library /home/cryptic/GOG Games/Blasphemous/Blasphemous_Data/Mono/x86_64/libudev.so.0.so
Fallback handler could not load library /home/cryptic/GOG Games/Blasphemous/Blasphemous_Data/Mono/x86_64/./libudev.so.0
Fallback handler could not load library /home/cryptic/GOG Games/Blasphemous/Blasphemous_Data/Mono/x86_64/./libudev.so.0.so
Fallback handler could not load library /home/cryptic/GOG Games/Blasphemous/Blasphemous_Data/Mono/x86_64/libudev.so.0
Fallback handler could not load library /home/cryptic/GOG Games/Blasphemous/Blasphemous_Data/Mono/x86_64/libudev.so
Fallback handler could not load library /home/cryptic/GOG Games/Blasphemous/Blasphemous_Data/Mono/x86_64/./libudev.so
Fallback handler could not load library /home/cryptic/GOG Games/Blasphemous/Blasphemous_Data/Mono/x86_64/libudev.so
Fallback handler could not load library /home/cryptic/GOG Games/Blasphemous/Blasphemous_Data/Mono/x86_64/libudev.so.0
Fallback handler could not load library /home/cryptic/GOG Games/Blasphemous/Blasphemous_Data/Mono/x86_64/libudev.so.0.so
Fallback handler could not load library /home/cryptic/GOG Games/Blasphemous/Blasphemous_Data/Mono/x86_64/./libudev.so.0
Fallback handler could not load library /home/cryptic/GOG Games/Blasphemous/Blasphemous_Data/Mono/x86_64/./libudev.so.0.so
Fallback handler could not load library /home/cryptic/GOG Games/Blasphemous/Blasphemous_Data/Mono/x86_64/libudev.so.0
Fallback handler could not load library /home/cryptic/GOG Games/Blasphemous/Blasphemous_Data/Mono/x86_64/libudev.so
Fallback handler could not load library /home/cryptic/GOG Games/Blasphemous/Blasphemous_Data/Mono/x86_64/./libudev.so
Fallback handler could not load library /home/cryptic/GOG Games/Blasphemous/Blasphemous_Data/Mono/x86_64/libudev.so
Fallback handler could not load library /home/cryptic/GOG Games/Blasphemous/Blasphemous_Data/Mono/x86_64/libudev.so.0
Fallback handler could not load library /home/cryptic/GOG Games/Blasphemous/Blasphemous_Data/Mono/x86_64/libudev.so.0.so
Fallback handler could not load library /home/cryptic/GOG Games/Blasphemous/Blasphemous_Data/Mono/x86_64/./libudev.so.0
Fallback handler could not load library /home/cryptic/GOG Games/Blasphemous/Blasphemous_Data/Mono/x86_64/./libudev.so.0.so
Fallback handler could not load library /home/cryptic/GOG Games/Blasphemous/Blasphemous_Data/Mono/x86_64/libudev.so.0
Fallback handler could not load library /home/cryptic/GOG Games/Blasphemous/Blasphemous_Data/Mono/x86_64/libudev.so
Fallback handler could not load library /home/cryptic/GOG Games/Blasphemous/Blasphemous_Data/Mono/x86_64/./libudev.so
Fallback handler could not load library /home/cryptic/GOG Games/Blasphemous/Blasphemous_Data/Mono/x86_64/libudev.so
Fallback handler could not load library /home/cryptic/GOG Games/Blasphemous/Blasphemous_Data/Mono/x86_64/libudev.so.0
Fallback handler could not load library /home/cryptic/GOG Games/Blasphemous/Blasphemous_Data/Mono/x86_64/libudev.so.0.so
Fallback handler could not load library /home/cryptic/GOG Games/Blasphemous/Blasphemous_Data/Mono/x86_64/./libudev.so.0
Fallback handler could not load library /home/cryptic/GOG Games/Blasphemous/Blasphemous_Data/Mono/x86_64/./libudev.so.0.so
Fallback handler could not load library /home/cryptic/GOG Games/Blasphemous/Blasphemous_Data/Mono/x86_64/libudev.so.0
Fallback handler could not load library /home/cryptic/GOG Games/Blasphemous/Blasphemous_Data/Mono/x86_64/libudev.so
Fallback handler could not load library /home/cryptic/GOG Games/Blasphemous/Blasphemous_Data/Mono/x86_64/./libudev.so
Fallback handler could not load library /home/cryptic/GOG Games/Blasphemous/Blasphemous_Data/Mono/x86_64/libudev.so
Fallback handler could not load library /home/cryptic/GOG Games/Blasphemous/Blasphemous_Data/Mono/x86_64/libudev.so.0
Fallback handler could not load library /home/cryptic/GOG Games/Blasphemous/Blasphemous_Data/Mono/x86_64/libudev.so.0.so
Fallback handler could not load library /home/cryptic/GOG Games/Blasphemous/Blasphemous_Data/Mono/x86_64/./libudev.so.0
Fallback handler could not load library /home/cryptic/GOG Games/Blasphemous/Blasphemous_Data/Mono/x86_64/./libudev.so.0.so
Fallback handler could not load library /home/cryptic/GOG Games/Blasphemous/Blasphemous_Data/Mono/x86_64/libudev.so.0
Fallback handler could not load library /home/cryptic/GOG Games/Blasphemous/Blasphemous_Data/Mono/x86_64/libudev.so
Fallback handler could not load library /home/cryptic/GOG Games/Blasphemous/Blasphemous_Data/Mono/x86_64/./libudev.so
Fallback handler could not load library /home/cryptic/GOG Games/Blasphemous/Blasphemous_Data/Mono/x86_64/libudev.so
Fallback handler could not load library /home/cryptic/GOG Games/Blasphemous/Blasphemous_Data/Mono/x86_64/libudev.so.0
Fallback handler could not load library /home/cryptic/GOG Games/Blasphemous/Blasphemous_Data/Mono/x86_64/libudev.so.0.so
Fallback handler could not load library /home/cryptic/GOG Games/Blasphemous/Blasphemous_Data/Mono/x86_64/./libudev.so.0
Fallback handler could not load library /home/cryptic/GOG Games/Blasphemous/Blasphemous_Data/Mono/x86_64/./libudev.so.0.so
Fallback handler could not load library /home/cryptic/GOG Games/Blasphemous/Blasphemous_Data/Mono/x86_64/libudev.so.0
Fallback handler could not load library /home/cryptic/GOG Games/Blasphemous/Blasphemous_Data/Mono/x86_64/libudev.so
Fallback handler could not load library /home/cryptic/GOG Games/Blasphemous/Blasphemous_Data/Mono/x86_64/./libudev.so
Fallback handler could not load library /home/cryptic/GOG Games/Blasphemous/Blasphemous_Data/Mono/x86_64/libudev.so
Fallback handler could not load library /home/cryptic/GOG Games/Blasphemous/Blasphemous_Data/Mono/x86_64/libudev.so.0
Fallback handler could not load library /home/cryptic/GOG Games/Blasphemous/Blasphemous_Data/Mono/x86_64/libudev.so.0.so
Fallback handler could not load library /home/cryptic/GOG Games/Blasphemous/Blasphemous_Data/Mono/x86_64/./libudev.so.0
Fallback handler could not load library /home/cryptic/GOG Games/Blasphemous/Blasphemous_Data/Mono/x86_64/./libudev.so.0.so
Fallback handler could not load library /home/cryptic/GOG Games/Blasphemous/Blasphemous_Data/Mono/x86_64/libudev.so.0
Fallback handler could not load library /home/cryptic/GOG Games/Blasphemous/Blasphemous_Data/Mono/x86_64/libudev.so
Fallback handler could not load library /home/cryptic/GOG Games/Blasphemous/Blasphemous_Data/Mono/x86_64/./libudev.so
Fallback handler could not load library /home/cryptic/GOG Games/Blasphemous/Blasphemous_Data/Mono/x86_64/libudev.so
Fallback handler could not load library /home/cryptic/GOG Games/Blasphemous/Blasphemous_Data/Mono/x86_64/libudev.so.0
Fallback handler could not load library /home/cryptic/GOG Games/Blasphemous/Blasphemous_Data/Mono/x86_64/libudev.so.0.so
Fallback handler could not load library /home/cryptic/GOG Games/Blasphemous/Blasphemous_Data/Mono/x86_64/./libudev.so.0
Fallback handler could not load library /home/cryptic/GOG Games/Blasphemous/Blasphemous_Data/Mono/x86_64/./libudev.so.0.so
Fallback handler could not load library /home/cryptic/GOG Games/Blasphemous/Blasphemous_Data/Mono/x86_64/libudev.so.0
Fallback handler could not load library /home/cryptic/GOG Games/Blasphemous/Blasphemous_Data/Mono/x86_64/libudev.so
Fallback handler could not load library /home/cryptic/GOG Games/Blasphemous/Blasphemous_Data/Mono/x86_64/./libudev.so
Fallback handler could not load library /home/cryptic/GOG Games/Blasphemous/Blasphemous_Data/Mono/x86_64/libudev.so
Fallback handler could not load library /home/cryptic/GOG Games/Blasphemous/Blasphemous_Data/Mono/x86_64/libudev.so.0
Fallback handler could not load library /home/cryptic/GOG Games/Blasphemous/Blasphemous_Data/Mono/x86_64/libudev.so.0.so
Fallback handler could not load library /home/cryptic/GOG Games/Blasphemous/Blasphemous_Data/Mono/x86_64/./libudev.so.0
Fallback handler could not load library /home/cryptic/GOG Games/Blasphemous/Blasphemous_Data/Mono/x86_64/./libudev.so.0.so
Fallback handler could not load library /home/cryptic/GOG Games/Blasphemous/Blasphemous_Data/Mono/x86_64/libudev.so.0
Fallback handler could not load library /home/cryptic/GOG Games/Blasphemous/Blasphemous_Data/Mono/x86_64/libudev.so
Fallback handler could not load library /home/cryptic/GOG Games/Blasphemous/Blasphemous_Data/Mono/x86_64/./libudev.so
Fallback handler could not load library /home/cryptic/GOG Games/Blasphemous/Blasphemous_Data/Mono/x86_64/libudev.so
Fallback handler could not load library /home/cryptic/GOG Games/Blasphemous/Blasphemous_Data/Mono/x86_64/libudev.so.0
Fallback handler could not load library /home/cryptic/GOG Games/Blasphemous/Blasphemous_Data/Mono/x86_64/libudev.so.0.so
Fallback handler could not load library /home/cryptic/GOG Games/Blasphemous/Blasphemous_Data/Mono/x86_64/./libudev.so.0
Fallback handler could not load library /home/cryptic/GOG Games/Blasphemous/Blasphemous_Data/Mono/x86_64/./libudev.so.0.so
Fallback handler could not load library /home/cryptic/GOG Games/Blasphemous/Blasphemous_Data/Mono/x86_64/libudev.so.0
Fallback handler could not load library /home/cryptic/GOG Games/Blasphemous/Blasphemous_Data/Mono/x86_64/libudev.so
Fallback handler could not load library /home/cryptic/GOG Games/Blasphemous/Blasphemous_Data/Mono/x86_64/./libudev.so
Fallback handler could not load library /home/cryptic/GOG Games/Blasphemous/Blasphemous_Data/Mono/x86_64/libudev.so
Fallback handler could not load library /home/cryptic/GOG Games/Blasphemous/Blasphemous_Data/Mono/x86_64/libudev.so.0
Fallback handler could not load library /home/cryptic/GOG Games/Blasphemous/Blasphemous_Data/Mono/x86_64/libudev.so.0.so
Fallback handler could not load library /home/cryptic/GOG Games/Blasphemous/Blasphemous_Data/Mono/x86_64/./libudev.so.0
Fallback handler could not load library /home/cryptic/GOG Games/Blasphemous/Blasphemous_Data/Mono/x86_64/./libudev.so.0.so
Fallback handler could not load library /home/cryptic/GOG Games/Blasphemous/Blasphemous_Data/Mono/x86_64/libudev.so.0
https://script.google.com/macros/s/AKfycbyeGIlGmKl44qObG82OgvNcNQYPMjBR-6GWLQHFgA/exec
 
(Filename: /home/builduser/buildslave/unity/build/artifacts/generated/common/runtime/DebugBindings.gen.cpp Line: 51)


Unloading 4 unused Assets to reduce memory usage. Loaded Objects now: 4985.
Total: 33.264000 ms (FindLiveObjects: 1.360000 ms CreateObjectMapping: 0.692000 ms MarkObjects: 31.163000 ms  DeleteObjects: 0.047000 ms)

Unloading 3 Unused Serialized files (Serialized files now loaded: 0)
[Singleton] Created: (singleton) Framework.Managers.Core
 
(Filename: /home/builduser/buildslave/unity/build/artifacts/generated/common/runtime/DebugBindings.gen.cpp Line: 51)

============================================== (Initialization: Framework)
 
(Filename: /home/builduser/buildslave/unity/build/artifacts/generated/common/runtime/DebugBindings.gen.cpp Line: 51)

[TRACE][VSCREEN] Virtual Screen has been initialized.
 
(Filename: /home/builduser/buildslave/unity/build/artifacts/generated/common/runtime/DebugBindings.gen.cpp Line: 51)

[DEBUG][NEW MAP] 4 maps loaded succesfully.
 
(Filename: /home/builduser/buildslave/unity/build/artifacts/generated/common/runtime/DebugBindings.gen.cpp Line: 51)

[DEBUG]******************************************* CELLS
 
(Filename: /home/builduser/buildslave/unity/build/artifacts/generated/common/runtime/DebugBindings.gen.cpp Line: 51)

[DEBUG] NG+: 12
 
(Filename: /home/builduser/buildslave/unity/build/artifacts/generated/common/runtime/DebugBindings.gen.cpp Line: 51)

[DEBUG] Normal: 981
 
(Filename: /home/builduser/buildslave/unity/build/artifacts/generated/common/runtime/DebugBindings.gen.cpp Line: 51)

Term Map/D23 not found in Maps Localization
 
(Filename: /home/builduser/buildslave/unity/build/artifacts/generated/common/runtime/DebugBindings.gen.cpp Line: 51)

Term Map/D23_Z01 not found in Maps Localization
 
(Filename: /home/builduser/buildslave/unity/build/artifacts/generated/common/runtime/DebugBindings.gen.cpp Line: 51)

[DEBUG][DLCMANAGER] Base DLC path: /home/cryptic/GOG Games/Blasphemous/Blasphemous_Data/StreamingAssets/DLC
 
(Filename: /home/builduser/buildslave/unity/build/artifacts/generated/common/runtime/DebugBindings.gen.cpp Line: 51)

[DEBUG][DLCMANAGER] Base DLC path: /home/cryptic/GOG Games/Blasphemous/Blasphemous_Data/DLC
 
(Filename: /home/builduser/buildslave/unity/build/artifacts/generated/common/runtime/DebugBindings.gen.cpp Line: 51)

[DEBUG][DLCMANAGER] Base DLC path: /home/cryptic/.config/unity3d/TheGameKitchen/Blasphemous/Savegames//DLC
 
(Filename: /home/builduser/buildslave/unity/build/artifacts/generated/common/runtime/DebugBindings.gen.cpp Line: 51)

[DEBUG][DLCMANAGER] 2 DLCs loaded succesfully.
 
(Filename: /home/builduser/buildslave/unity/build/artifacts/generated/common/runtime/DebugBindings.gen.cpp Line: 51)

[DEBUG]DLC: BACKER_DLC is present.
 
(Filename: /home/builduser/buildslave/unity/build/artifacts/generated/common/runtime/DebugBindings.gen.cpp Line: 51)

[DEBUG]DLC: DIGITAL_DELUXE_DLC is present.
 
(Filename: /home/builduser/buildslave/unity/build/artifacts/generated/common/runtime/DebugBindings.gen.cpp Line: 51)

SteamManager not Initialized!
 
(Filename: /home/builduser/buildslave/unity/build/artifacts/generated/common/runtime/DebugBindings.gen.cpp Line: 51)

* Loading file /home/cryptic/.config/unity3d/TheGameKitchen/Blasphemous/Savegames//BossRushData.config
 
(Filename: /home/builduser/buildslave/unity/build/artifacts/generated/common/runtime/DebugBindings.gen.cpp Line: 51)

[TRACE][EVENTS] The event manager has been reseted sucessfully.
 
(Filename: /home/builduser/buildslave/unity/build/artifacts/generated/common/runtime/DebugBindings.gen.cpp Line: 51)

 Miriam Quest scenes 5
 
(Filename: /home/builduser/buildslave/unity/build/artifacts/generated/common/runtime/DebugBindings.gen.cpp Line: 51)

[DEBUG][EVENTMANAGER] 624 initial flags loaded succesfully.
 
(Filename: /home/builduser/buildslave/unity/build/artifacts/generated/common/runtime/DebugBindings.gen.cpp Line: 51)

BLOCKING INPUT until main menu is fully shown
 
(Filename: /home/builduser/buildslave/unity/build/artifacts/generated/common/runtime/DebugBindings.gen.cpp Line: 51)

[TRACE][INPUT] The input blocker <color=green>InitialBlocker</color> has been enabled.
 
(Filename: /home/builduser/buildslave/unity/build/artifacts/generated/common/runtime/DebugBindings.gen.cpp Line: 51)

Prayer PR01  Time:10
 
(Filename: /home/builduser/buildslave/unity/build/artifacts/generated/common/runtime/DebugBindings.gen.cpp Line: 51)

Prayer PR03  Time:2
 
(Filename: /home/builduser/buildslave/unity/build/artifacts/generated/common/runtime/DebugBindings.gen.cpp Line: 51)

Prayer PR04  Time:10
 
(Filename: /home/builduser/buildslave/unity/build/artifacts/generated/common/runtime/DebugBindings.gen.cpp Line: 51)

Prayer PR05  Time:15
 
(Filename: /home/builduser/buildslave/unity/build/artifacts/generated/common/runtime/DebugBindings.gen.cpp Line: 51)

Prayer PR07  Time:1
 
(Filename: /home/builduser/buildslave/unity/build/artifacts/generated/common/runtime/DebugBindings.gen.cpp Line: 51)

Prayer PR08  Time:10
 
(Filename: /home/builduser/buildslave/unity/build/artifacts/generated/common/runtime/DebugBindings.gen.cpp Line: 51)

Prayer PR09  Time:2
 
(Filename: /home/builduser/buildslave/unity/build/artifacts/generated/common/runtime/DebugBindings.gen.cpp Line: 51)

Prayer PR10  Time:10
 
(Filename: /home/builduser/buildslave/unity/build/artifacts/generated/common/runtime/DebugBindings.gen.cpp Line: 51)

Prayer PR101  Time:20
 
(Filename: /home/builduser/buildslave/unity/build/artifacts/generated/common/runtime/DebugBindings.gen.cpp Line: 51)

Prayer PR11  Time:8
 
(Filename: /home/builduser/buildslave/unity/build/artifacts/generated/common/runtime/DebugBindings.gen.cpp Line: 51)

Prayer PR12  Time:1
 
(Filename: /home/builduser/buildslave/unity/build/artifacts/generated/common/runtime/DebugBindings.gen.cpp Line: 51)

Prayer PR14  Time:2
 
(Filename: /home/builduser/buildslave/unity/build/artifacts/generated/common/runtime/DebugBindings.gen.cpp Line: 51)

Prayer PR15  Time:10
 
(Filename: /home/builduser/buildslave/unity/build/artifacts/generated/common/runtime/DebugBindings.gen.cpp Line: 51)

Prayer PR16  Time:25
 
(Filename: /home/builduser/buildslave/unity/build/artifacts/generated/common/runtime/DebugBindings.gen.cpp Line: 51)

Prayer PR201  Time:0
 
(Filename: /home/builduser/buildslave/unity/build/artifacts/generated/common/runtime/DebugBindings.gen.cpp Line: 51)

Prayer PR202  Time:1
 
(Filename: /home/builduser/buildslave/unity/build/artifacts/generated/common/runtime/DebugBindings.gen.cpp Line: 51)

Prayer PR203  Time:6
 
(Filename: /home/builduser/buildslave/unity/build/artifacts/generated/common/runtime/DebugBindings.gen.cpp Line: 51)

[DEBUG][INVENTORY] 206 items loaded succesfully.
 
(Filename: /home/builduser/buildslave/unity/build/artifacts/generated/common/runtime/DebugBindings.gen.cpp Line: 51)

[DEBUG][INVENTORY] 52 beads.
 
(Filename: /home/builduser/buildslave/unity/build/artifacts/generated/common/runtime/DebugBindings.gen.cpp Line: 51)

[DEBUG][INVENTORY] 7 relics.
 
(Filename: /home/builduser/buildslave/unity/build/artifacts/generated/common/runtime/DebugBindings.gen.cpp Line: 51)

[DEBUG][INVENTORY] 75 quest items.
 
(Filename: /home/builduser/buildslave/unity/build/artifacts/generated/common/runtime/DebugBindings.gen.cpp Line: 51)

[DEBUG][INVENTORY] 17 prayers.
 
(Filename: /home/builduser/buildslave/unity/build/artifacts/generated/common/runtime/DebugBindings.gen.cpp Line: 51)

[DEBUG][INVENTORY] 44 collectibles.
 
(Filename: /home/builduser/buildslave/unity/build/artifacts/generated/common/runtime/DebugBindings.gen.cpp Line: 51)

[DEBUG][INVENTORY] 11 swords.
 
(Filename: /home/builduser/buildslave/unity/build/artifacts/generated/common/runtime/DebugBindings.gen.cpp Line: 51)

https://script.google.com/macros/s/AKfycbyeGIlGmKl44qObG82OgvNcNQYPMjBR-6GWLQHFgA/exec
 
(Filename: /home/builduser/buildslave/unity/build/artifacts/generated/common/runtime/DebugBindings.gen.cpp Line: 51)

[DEBUG][DIALOG] 350 dialogs loaded succesfully.
 
(Filename: /home/builduser/buildslave/unity/build/artifacts/generated/common/runtime/DebugBindings.gen.cpp Line: 51)

[DEBUG][DIALOG] 23 messages loaded succesfully.
 
(Filename: /home/builduser/buildslave/unity/build/artifacts/generated/common/runtime/DebugBindings.gen.cpp Line: 51)

Audio localization event, new bank VoiceOver_EN
 
(Filename: /home/builduser/buildslave/unity/build/artifacts/generated/common/runtime/DebugBindings.gen.cpp Line: 51)

[DEBUG][SKILLS] 15 skills loaded succesfully.
 
(Filename: /home/builduser/buildslave/unity/build/artifacts/generated/common/runtime/DebugBindings.gen.cpp Line: 51)

[DEBUG][TUTORIAL] 17 tutorials loaded succesfully.
 
(Filename: /home/builduser/buildslave/unity/build/artifacts/generated/common/runtime/DebugBindings.gen.cpp Line: 51)

[WARNING] The Action "Submit" does not exist. You can create Actions in the editor.
UnloadTime: 92.415000 ms
https://script.google.com/macros/s/AKfycbyeGIlGmKl44qObG82OgvNcNQYPMjBR-6GWLQHFgA/exec
 
(Filename: /home/builduser/buildslave/unity/build/artifacts/generated/common/runtime/DebugBindings.gen.cpp Line: 51)

[FMOD] Please add an 'FMOD Studio Listener' component to your a camera in the scene for correct 3D positioning of sounds.
 
(Filename: /home/builduser/buildslave/unity/build/artifacts/generated/common/runtime/DebugBindings.gen.cpp Line: 51)


Unloading 1186 unused Assets to reduce memory usage. Loaded Objects now: 29978.
Total: 62.739000 ms (FindLiveObjects: 4.966000 ms CreateObjectMapping: 5.504000 ms MarkObjects: 43.076000 ms  DeleteObjects: 9.192000 ms)

==============  LevelInitializer
 
(Filename: /home/builduser/buildslave/unity/build/artifacts/generated/common/runtime/DebugBindings.gen.cpp Line: 51)

============================================== (Framework Ready)
 
(Filename: /home/builduser/buildslave/unity/build/artifacts/generated/common/runtime/DebugBindings.gen.cpp Line: 51)

GetCurrentEnemiesBalanceChart: current Game Mode is 'MENU'! Returning base game Enemies Balance Chart by default
 
(Filename: /home/builduser/buildslave/unity/build/artifacts/generated/common/runtime/DebugBindings.gen.cpp Line: 51)

BestFit is only supported for dynamic fonts. Font 'MajesticExtended_Pixel_Scroll' is not dynamic.
 
(Filename: /home/builduser/buildslave/unity/build/artifacts/generated/common/runtime/DebugBindings.gen.cpp Line: 51)

[TRACE][UI] Refreshing UI widget references.
 
(Filename: /home/builduser/buildslave/unity/build/artifacts/generated/common/runtime/DebugBindings.gen.cpp Line: 51)

[TRACE][VSCREEN] Virtual camera initialized.
 
(Filename: /home/builduser/buildslave/unity/build/artifacts/generated/common/runtime/DebugBindings.gen.cpp Line: 51)

---> LevelManager:  Load and activate level MainMenu
 
(Filename: /home/builduser/buildslave/unity/build/artifacts/generated/common/runtime/DebugBindings.gen.cpp Line: 51)

[Singleton] Using instance already created: Rewired Input Manager
 
(Filename: /home/builduser/buildslave/unity/build/artifacts/generated/common/runtime/DebugBindings.gen.cpp Line: 51)

requesting resize 1024 x 600
requesting fullscreen 1024 x 600 at 0 Hz
Setting up downscaled viewport at 1024 x 600
Desktop is 1366 x 768 @ 60 Hz
Unloading 5 Unused Serialized files (Serialized files now loaded: 0)
[TRACE][SPAWN] Spawning enemies on level.
 
(Filename: /home/builduser/buildslave/unity/build/artifacts/generated/common/runtime/DebugBindings.gen.cpp Line: 51)

[TRACE][INPUT] The input blocker <color=green>BLOCK_UNTIL_FPS_STABLE</color> has been enabled.
 
(Filename: /home/builduser/buildslave/unity/build/artifacts/generated/common/runtime/DebugBindings.gen.cpp Line: 51)

[TRACE][INPUT] The input blocker <color=yellow>BLOCK_UNTIL_FPS_STABLE</color> has been disabled.
 
(Filename: /home/builduser/buildslave/unity/build/artifacts/generated/common/runtime/DebugBindings.gen.cpp Line: 51)


Unloading 14 unused Assets to reduce memory usage. Loaded Objects now: 51579.
Total: 121.286000 ms (FindLiveObjects: 9.669000 ms CreateObjectMapping: 6.800000 ms MarkObjects: 104.563000 ms  DeleteObjects: 0.252000 ms)

[TRACE][LOGIC] Game state has been set to PLAYING
 
(Filename: /home/builduser/buildslave/unity/build/artifacts/generated/common/runtime/DebugBindings.gen.cpp Line: 51)

[TRACE][INPUT] All blockers have been removed.
 
(Filename: /home/builduser/buildslave/unity/build/artifacts/generated/common/runtime/DebugBindings.gen.cpp Line: 51)

** NEW Scene Audio: PlayTrack event:/Background Layer/Background Main Menu reverb ,volume 1
 
(Filename: /home/builduser/buildslave/unity/build/artifacts/generated/common/runtime/DebugBindings.gen.cpp Line: 51)

GameModeManager:: ChangeMode: current game mode and new game mode are the same! Current game mode: MENU
 
(Filename: /home/builduser/buildslave/unity/build/artifacts/generated/common/runtime/DebugBindings.gen.cpp Line: 51)

Loading render mode settings (should be already loaded from the beginning of the game...
 
(Filename: /home/builduser/buildslave/unity/build/artifacts/generated/common/runtime/DebugBindings.gen.cpp Line: 51)

<color=yellow>Removing initial input block</color>
 
(Filename: /home/builduser/buildslave/unity/build/artifacts/generated/common/runtime/DebugBindings.gen.cpp Line: 51)

[TRACE]Continue pressed, starting the game...
 
(Filename: /home/builduser/buildslave/unity/build/artifacts/generated/common/runtime/DebugBindings.gen.cpp Line: 51)

** Fadeout last event:/Background Layer/Background Main Menu
 
(Filename: /home/builduser/buildslave/unity/build/artifacts/generated/common/runtime/DebugBindings.gen.cpp Line: 51)

**** Persistent: LOADGAME
 
(Filename: /home/builduser/buildslave/unity/build/artifacts/generated/common/runtime/DebugBindings.gen.cpp Line: 51)

[DEBUG][[PERSISTENCE]] Reset all
 
(Filename: /home/builduser/buildslave/unity/build/artifacts/generated/common/runtime/DebugBindings.gen.cpp Line: 51)

[DEBUG][NEW MAP] 4 maps loaded succesfully.
 
(Filename: /home/builduser/buildslave/unity/build/artifacts/generated/common/runtime/DebugBindings.gen.cpp Line: 51)

[DEBUG]******************************************* CELLS
 
(Filename: /home/builduser/buildslave/unity/build/artifacts/generated/common/runtime/DebugBindings.gen.cpp Line: 51)

[DEBUG] NG+: 12
 
(Filename: /home/builduser/buildslave/unity/build/artifacts/generated/common/runtime/DebugBindings.gen.cpp Line: 51)

[DEBUG] Normal: 981
 
(Filename: /home/builduser/buildslave/unity/build/artifacts/generated/common/runtime/DebugBindings.gen.cpp Line: 51)

[TRACE][EVENTS] The event manager has been reseted sucessfully.
 
(Filename: /home/builduser/buildslave/unity/build/artifacts/generated/common/runtime/DebugBindings.gen.cpp Line: 51)

 Miriam Quest scenes 5
 
(Filename: /home/builduser/buildslave/unity/build/artifacts/generated/common/runtime/DebugBindings.gen.cpp Line: 51)

[DEBUG][EVENTMANAGER] 624 initial flags loaded succesfully.
 
(Filename: /home/builduser/buildslave/unity/build/artifacts/generated/common/runtime/DebugBindings.gen.cpp Line: 51)

Prayer PR01  Time:10
 
(Filename: /home/builduser/buildslave/unity/build/artifacts/generated/common/runtime/DebugBindings.gen.cpp Line: 51)

Prayer PR03  Time:2
 
(Filename: /home/builduser/buildslave/unity/build/artifacts/generated/common/runtime/DebugBindings.gen.cpp Line: 51)

Prayer PR04  Time:10
 
(Filename: /home/builduser/buildslave/unity/build/artifacts/generated/common/runtime/DebugBindings.gen.cpp Line: 51)

Prayer PR05  Time:15
 
(Filename: /home/builduser/buildslave/unity/build/artifacts/generated/common/runtime/DebugBindings.gen.cpp Line: 51)

Prayer PR07  Time:1
 
(Filename: /home/builduser/buildslave/unity/build/artifacts/generated/common/runtime/DebugBindings.gen.cpp Line: 51)

Prayer PR08  Time:10
 
(Filename: /home/builduser/buildslave/unity/build/artifacts/generated/common/runtime/DebugBindings.gen.cpp Line: 51)

Prayer PR09  Time:2
 
(Filename: /home/builduser/buildslave/unity/build/artifacts/generated/common/runtime/DebugBindings.gen.cpp Line: 51)

Prayer PR10  Time:10
 
(Filename: /home/builduser/buildslave/unity/build/artifacts/generated/common/runtime/DebugBindings.gen.cpp Line: 51)

Prayer PR101  Time:20
 
(Filename: /home/builduser/buildslave/unity/build/artifacts/generated/common/runtime/DebugBindings.gen.cpp Line: 51)

Prayer PR11  Time:8
 
(Filename: /home/builduser/buildslave/unity/build/artifacts/generated/common/runtime/DebugBindings.gen.cpp Line: 51)

Prayer PR12  Time:1
 
(Filename: /home/builduser/buildslave/unity/build/artifacts/generated/common/runtime/DebugBindings.gen.cpp Line: 51)

Prayer PR14  Time:2
 
(Filename: /home/builduser/buildslave/unity/build/artifacts/generated/common/runtime/DebugBindings.gen.cpp Line: 51)

Prayer PR15  Time:10
 
(Filename: /home/builduser/buildslave/unity/build/artifacts/generated/common/runtime/DebugBindings.gen.cpp Line: 51)

Prayer PR16  Time:25
 
(Filename: /home/builduser/buildslave/unity/build/artifacts/generated/common/runtime/DebugBindings.gen.cpp Line: 51)

Prayer PR201  Time:0
 
(Filename: /home/builduser/buildslave/unity/build/artifacts/generated/common/runtime/DebugBindings.gen.cpp Line: 51)

Prayer PR202  Time:1
 
(Filename: /home/builduser/buildslave/unity/build/artifacts/generated/common/runtime/DebugBindings.gen.cpp Line: 51)

Prayer PR203  Time:6
 
(Filename: /home/builduser/buildslave/unity/build/artifacts/generated/common/runtime/DebugBindings.gen.cpp Line: 51)

[DEBUG][INVENTORY] 206 items loaded succesfully.
 
(Filename: /home/builduser/buildslave/unity/build/artifacts/generated/common/runtime/DebugBindings.gen.cpp Line: 51)

[DEBUG][INVENTORY] 52 beads.
 
(Filename: /home/builduser/buildslave/unity/build/artifacts/generated/common/runtime/DebugBindings.gen.cpp Line: 51)

[DEBUG][INVENTORY] 7 relics.
 
(Filename: /home/builduser/buildslave/unity/build/artifacts/generated/common/runtime/DebugBindings.gen.cpp Line: 51)

[DEBUG][INVENTORY] 75 quest items.
 
(Filename: /home/builduser/buildslave/unity/build/artifacts/generated/common/runtime/DebugBindings.gen.cpp Line: 51)

[DEBUG][INVENTORY] 17 prayers.
 
(Filename: /home/builduser/buildslave/unity/build/artifacts/generated/common/runtime/DebugBindings.gen.cpp Line: 51)

[DEBUG][INVENTORY] 44 collectibles.
 
(Filename: /home/builduser/buildslave/unity/build/artifacts/generated/common/runtime/DebugBindings.gen.cpp Line: 51)

[DEBUG][INVENTORY] 11 swords.
 
(Filename: /home/builduser/buildslave/unity/build/artifacts/generated/common/runtime/DebugBindings.gen.cpp Line: 51)

[DEBUG][TUTORIAL] 17 tutorials loaded succesfully.
 
(Filename: /home/builduser/buildslave/unity/build/artifacts/generated/common/runtime/DebugBindings.gen.cpp Line: 51)

GameModeManager:: ChangeMode: changing current mode to NEW_GAME! Old mode: MENU
 
(Filename: /home/builduser/buildslave/unity/build/artifacts/generated/common/runtime/DebugBindings.gen.cpp Line: 51)

[DEBUG][SKILLS] 15 skills loaded succesfully.
 
(Filename: /home/builduser/buildslave/unity/build/artifacts/generated/common/runtime/DebugBindings.gen.cpp Line: 51)

[TRACE][EVENTS] Flag REVEAL_FAITH_PLATFORMS has been set to TRUE.
 
(Filename: /home/builduser/buildslave/unity/build/artifacts/generated/common/runtime/DebugBindings.gen.cpp Line: 51)

GameModeManager:: ChangeMode: changing current mode to NEW_GAME_PLUS! Old mode: NEW_GAME
 
(Filename: /home/builduser/buildslave/unity/build/artifacts/generated/common/runtime/DebugBindings.gen.cpp Line: 51)

---> LevelManager:  Load and activate level D01Z04S03
 
(Filename: /home/builduser/buildslave/unity/build/artifacts/generated/common/runtime/DebugBindings.gen.cpp Line: 51)

[TRACE][LOGIC] Game state has been set to UNRESPONSIVE
 
(Filename: /home/builduser/buildslave/unity/build/artifacts/generated/common/runtime/DebugBindings.gen.cpp Line: 51)

Unloading 23 Unused Serialized files (Serialized files now loaded: 0)

Unloading 484 unused Assets to reduce memory usage. Loaded Objects now: 53246.
Total: 126.289000 ms (FindLiveObjects: 11.300000 ms CreateObjectMapping: 7.851000 ms MarkObjects: 106.462000 ms  DeleteObjects: 0.674000 ms)

[TRACE][SPAWN] Spawning enemies on level.
 
(Filename: /home/builduser/buildslave/unity/build/artifacts/generated/common/runtime/DebugBindings.gen.cpp Line: 51)

Unloading 9 Unused Serialized files (Serialized files now loaded: 0)
[TRACE][INPUT] The input blocker <color=green>BLOCK_UNTIL_FPS_STABLE</color> has been enabled.
 
(Filename: /home/builduser/buildslave/unity/build/artifacts/generated/common/runtime/DebugBindings.gen.cpp Line: 51)

[TRACE][INPUT] The input blocker <color=yellow>BLOCK_UNTIL_FPS_STABLE</color> has been disabled.
 
(Filename: /home/builduser/buildslave/unity/build/artifacts/generated/common/runtime/DebugBindings.gen.cpp Line: 51)


Unloading 6 unused Assets to reduce memory usage. Loaded Objects now: 56514.
Total: 131.006000 ms (FindLiveObjects: 10.593000 ms CreateObjectMapping: 7.633000 ms MarkObjects: 112.574000 ms  DeleteObjects: 0.204000 ms)

[TRACE][LOGIC] Game state has been set to PLAYING
 
(Filename: /home/builduser/buildslave/unity/build/artifacts/generated/common/runtime/DebugBindings.gen.cpp Line: 51)

[TRACE][INPUT] All blockers have been removed.
 
(Filename: /home/builduser/buildslave/unity/build/artifacts/generated/common/runtime/DebugBindings.gen.cpp Line: 51)

**** PERSITENT EVENT: OnLevelLoaded D01Z04S03
 
(Filename: /home/builduser/buildslave/unity/build/artifacts/generated/common/runtime/DebugBindings.gen.cpp Line: 51)

[TRACE][EVENTS] Flag REVEAL_FAITH_PLATFORMS has been set to FALSE.
 
(Filename: /home/builduser/buildslave/unity/build/artifacts/generated/common/runtime/DebugBindings.gen.cpp Line: 51)

[TRACE][EVENTS] Flag REVEAL_FAITH_PLATFORMS has been set to TRUE.
 
(Filename: /home/builduser/buildslave/unity/build/artifacts/generated/common/runtime/DebugBindings.gen.cpp Line: 51)

GameModeManager:: ChangeMode: current game mode and new game mode are the same! Current game mode: NEW_GAME_PLUS
 
(Filename: /home/builduser/buildslave/unity/build/artifacts/generated/common/runtime/DebugBindings.gen.cpp Line: 51)

** NEW Scene Audio: PlayTrack event:/Background Layer/Background Buried Church reverb snapshot:/ReverbCatacombs,volume 1
 
(Filename: /home/builduser/buildslave/unity/build/artifacts/generated/common/runtime/DebugBindings.gen.cpp Line: 51)

[TRACE][SPAWN] Respawning dead enemies on level.
 
(Filename: /home/builduser/buildslave/unity/build/artifacts/generated/common/runtime/DebugBindings.gen.cpp Line: 51)

[TRACE][INPUT] The input blocker <color=green>PLAYER_LOGIC</color> has been enabled.
 
(Filename: /home/builduser/buildslave/unity/build/artifacts/generated/common/runtime/DebugBindings.gen.cpp Line: 51)

[TRACE][INPUT] The input blocker <color=yellow>PLAYER_LOGIC</color> has been disabled.
 
(Filename: /home/builduser/buildslave/unity/build/artifacts/generated/common/runtime/DebugBindings.gen.cpp Line: 51)

[TRACE][INPUT] The input blocker <color=green>PLAYER_LOGIC</color> has been enabled.
 
(Filename: /home/builduser/buildslave/unity/build/artifacts/generated/common/runtime/DebugBindings.gen.cpp Line: 51)

[TRACE][INPUT] The input blocker <color=yellow>PLAYER_LOGIC</color> has been disabled.
 
(Filename: /home/builduser/buildslave/unity/build/artifacts/generated/common/runtime/DebugBindings.gen.cpp Line: 51)

[TRACE][INPUT] The input blocker <color=green>PLAYER_LOGIC</color> has been enabled.
 
(Filename: /home/builduser/buildslave/unity/build/artifacts/generated/common/runtime/DebugBindings.gen.cpp Line: 51)

[TRACE][INPUT] The input blocker <color=yellow>PLAYER_LOGIC</color> has been disabled.
 
(Filename: /home/builduser/buildslave/unity/build/artifacts/generated/common/runtime/DebugBindings.gen.cpp Line: 51)

[TRACE][INPUT] The input blocker <color=green>PLAYER_LOGIC</color> has been enabled.
 
(Filename: /home/builduser/buildslave/unity/build/artifacts/generated/common/runtime/DebugBindings.gen.cpp Line: 51)

[TRACE][INPUT] The input blocker <color=yellow>PLAYER_LOGIC</color> has been disabled.
 
(Filename: /home/builduser/buildslave/unity/build/artifacts/generated/common/runtime/DebugBindings.gen.cpp Line: 51)

[TRACE][INPUT] The input blocker <color=green>PLAYER_LOGIC</color> has been enabled.
 
(Filename: /home/builduser/buildslave/unity/build/artifacts/generated/common/runtime/DebugBindings.gen.cpp Line: 51)

Setting up 2 worker threads for Enlighten.
  Thread -> id: 7faaf3fff6c0 -> priority: 1 
  Thread -> id: 7faaf37fe6c0 -> priority: 1 
